<?xml version="1.0" encoding="UTF-8"?>
<testsuite xmlns:xsi="http://www.w3.org/2001/XMLSchema-instance" xsi:noNamespaceSchemaLocation="https://maven.apache.org/surefire/maven-surefire-plugin/xsd/surefire-test-report-3.0.xsd" version="3.0" name="stepsDefinition.TestRunner" time="142.319" tests="15" errors="2" skipped="0" failures="4">
  <properties>
[...]
</properties>
  <testcase name="Add a new user to the list of users" classname="As an administrator I want to add a user to the list of users" time="5.629">
    <failure message="the actual text does not contain the expected text" type="java.lang.AssertionError"><![CDATA[java.lang.AssertionError: the actual text does not contain the expected text
	at stepsDefinition.AddStepDef.user_is_added(AddStepDef.java:44)
	at ✽.User is added(file:///C:/Users/fbesbes/Desktop/SeleniumCucumberProjetFinal/SeleniumCucumber/src/test/resources/features/Add.feature:16)
]]></failure>
    <system-out><![CDATA[
@Add @AddUser
Scenario Outline: Add a new user to the list of users                       # src/test/resources/features/Add.feature:20
  Given user on login page                                                  # stepsDefinition.LoginStepDef.user_on_login_page()
  When user enters mouna.makni@talan.com and Admin09$                       # stepsDefinition.LoginStepDef.user_enters_email_and_password(java.lang.String,java.lang.String)
  Then user is connected                                                    # stepsDefinition.LoginStepDef.user_is_connected()
  When Administrator clicks on userbutton                                   # stepsDefinition.AddStepDef.administrator_clicks_on_userbutton()
  And Administrator clicks on the Add User button                           # stepsDefinition.AddStepDef.administrator_clicks_on_the_add_user_button()
  And Enters BESBES and Farah and farah.besbes@talan.com                    # stepsDefinition.AddStepDef.enters_besbes_and_farah_and_farah_besbes_talan_com()
  And Clicks Role and clicks Mentor and clicks Cursus and clicks cursustest # stepsDefinition.AddStepDef.clicks_role_and_clicks_mentor_and_clicks_cursus_and_clicks_cursustest()
  And Clicks on Save                                                        # stepsDefinition.AddStepDef.clicks_on_save()
  Then User is added                                                        # stepsDefinition.AddStepDef.user_is_added()
      java.lang.AssertionError: the actual text does not contain the expected text
	at stepsDefinition.AddStepDef.user_is_added(AddStepDef.java:44)
	at âœ½.User is added(file:///C:/Users/fbesbes/Desktop/SeleniumCucumberProjetFinal/SeleniumCucumber/src/test/resources/features/Add.feature:16)

]]></system-out>
    <system-err><![CDATA[SLF4J: Failed to load class "org.slf4j.impl.StaticLoggerBinder".
SLF4J: Defaulting to no-operation (NOP) logger implementation
SLF4J: See http://www.slf4j.org/codes.html#StaticLoggerBinder for further details.
Starting ChromeDriver 119.0.6045.105 (38c72552c5e15ba9b3117c0967a0fd105072d7c6-refs/branch-heads/6045@{#1103}) on port 40561
Only local connections are allowed.
Please see https://chromedriver.chromium.org/security-considerations for suggestions on keeping ChromeDriver safe.
ChromeDriver was started successfully.
déc. 04, 2023 12:20:42 PM org.openqa.selenium.remote.ProtocolHandshake createSession
INFO: Detected dialect: W3C
]]></system-err>
  </testcase>
  <testcase name="Verify adding a user with incorrect first and last names" classname="As an administrator I want to add a user to the list of users" time="4.235">
    <failure message="the actual text does not contain the expected text" type="java.lang.AssertionError"><![CDATA[java.lang.AssertionError: the actual text does not contain the expected text
	at stepsDefinition.AddStepDef.adding_the_user2_fails(AddStepDef.java:56)
	at ✽.Adding the user2 fails(file:///C:/Users/fbesbes/Desktop/SeleniumCucumberProjetFinal/SeleniumCucumber/src/test/resources/features/Add.feature:29)
]]></failure>
    <system-out><![CDATA[
@Add @AddUser2
Scenario Outline: Verify adding a user with incorrect first and last names  # src/test/resources/features/Add.feature:33
  Given user on login page                                                  # stepsDefinition.LoginStepDef.user_on_login_page()
  When user enters mouna.makni@talan.com and Admin09$                       # stepsDefinition.LoginStepDef.user_enters_email_and_password(java.lang.String,java.lang.String)
  Then user is connected                                                    # stepsDefinition.LoginStepDef.user_is_connected()
  When Administrator clicks on userbutton                                   # stepsDefinition.AddStepDef.administrator_clicks_on_userbutton()
  And Administrator clicks on the Add User button                           # stepsDefinition.AddStepDef.administrator_clicks_on_the_add_user_button()
  And Enters 1258 and 52897 and farah.besbes@talan.com                      # stepsDefinition.AddStepDef.enters_and_and_farah_besbes_talan_com(java.lang.Integer,java.lang.Integer)
  And Clicks Role and clicks Mentor and clicks Cursus and clicks cursustest # stepsDefinition.AddStepDef.clicks_role_and_clicks_mentor_and_clicks_cursus_and_clicks_cursustest()
  And Clicks on Save                                                        # stepsDefinition.AddStepDef.clicks_on_save()
  Then Adding the user2 fails                                               # stepsDefinition.AddStepDef.adding_the_user2_fails()
      java.lang.AssertionError: the actual text does not contain the expected text
	at stepsDefinition.AddStepDef.adding_the_user2_fails(AddStepDef.java:56)
	at âœ½.Adding the user2 fails(file:///C:/Users/fbesbes/Desktop/SeleniumCucumberProjetFinal/SeleniumCucumber/src/test/resources/features/Add.feature:29)

]]></system-out>
    <system-err><![CDATA[Starting ChromeDriver 119.0.6045.105 (38c72552c5e15ba9b3117c0967a0fd105072d7c6-refs/branch-heads/6045@{#1103}) on port 14693
Only local connections are allowed.
Please see https://chromedriver.chromium.org/security-considerations for suggestions on keeping ChromeDriver safe.
ChromeDriver was started successfully.
déc. 04, 2023 12:20:47 PM org.openqa.selenium.remote.ProtocolHandshake createSession
INFO: Detected dialect: W3C
]]></system-err>
  </testcase>
  <testcase name="Verify adding a user with an incorrect email format" classname="As an administrator I want to add a user to the list of users" time="4.289">
    <system-out><![CDATA[
@Add @AddUser3
Scenario Outline: Verify adding a user with an incorrect email format       # src/test/resources/features/Add.feature:46
  Given user on login page                                                  # stepsDefinition.LoginStepDef.user_on_login_page()
  When user enters mouna.makni@talan.com and Admin09$                       # stepsDefinition.LoginStepDef.user_enters_email_and_password(java.lang.String,java.lang.String)
  Then user is connected                                                    # stepsDefinition.LoginStepDef.user_is_connected()
  When Administrator clicks on userbutton                                   # stepsDefinition.AddStepDef.administrator_clicks_on_userbutton()
  And Administrator clicks on the Add User button                           # stepsDefinition.AddStepDef.administrator_clicks_on_the_add_user_button()
  And Enters BESBES and Farah and farah.besbes.com                          # stepsDefinition.AddStepDef.enters_besbes_and_farah_and_farah_besbes_com()
  And Clicks Role and clicks Mentor and clicks Cursus and clicks cursustest # stepsDefinition.AddStepDef.clicks_role_and_clicks_mentor_and_clicks_cursus_and_clicks_cursustest()
  And Clicks on Save                                                        # stepsDefinition.AddStepDef.clicks_on_save()
  Then Adding the user3 fails                                               # stepsDefinition.AddStepDef.adding_the_user3_fails()
]]></system-out>
    <system-err><![CDATA[Starting ChromeDriver 119.0.6045.105 (38c72552c5e15ba9b3117c0967a0fd105072d7c6-refs/branch-heads/6045@{#1103}) on port 20773
Only local connections are allowed.
Please see https://chromedriver.chromium.org/security-considerations for suggestions on keeping ChromeDriver safe.
ChromeDriver was started successfully.
déc. 04, 2023 12:20:51 PM org.openqa.selenium.remote.ProtocolHandshake createSession
INFO: Detected dialect: W3C
]]></system-err>
  </testcase>
  <testcase name="Verify adding a new Admin user" classname="As an administrator I want to add a user to the list of users" time="4.075">
    <failure message="the actual text does not contain the expected text" type="java.lang.AssertionError"><![CDATA[java.lang.AssertionError: the actual text does not contain the expected text
	at stepsDefinition.AddStepDef.admin_is_added(AddStepDef.java:87)
	at ✽.Admin is added(file:///C:/Users/fbesbes/Desktop/SeleniumCucumberProjetFinal/SeleniumCucumber/src/test/resources/features/Add.feature:55)
]]></failure>
    <system-out><![CDATA[
@Add @AddAdmin
Scenario Outline: Verify adding a new Admin user            # src/test/resources/features/Add.feature:59
  Given user on login page                                  # stepsDefinition.LoginStepDef.user_on_login_page()
  When user enters mouna.makni@talan.com and Admin09$       # stepsDefinition.LoginStepDef.user_enters_email_and_password(java.lang.String,java.lang.String)
  Then user is connected                                    # stepsDefinition.LoginStepDef.user_is_connected()
  When Administrator clicks on userbutton                   # stepsDefinition.AddStepDef.administrator_clicks_on_userbutton()
  And Administrator clicks on the Add User button           # stepsDefinition.AddStepDef.administrator_clicks_on_the_add_user_button()
  And Enters BARBOUCHE and Farah and farah.besbes@talan.com # stepsDefinition.AddStepDef.enters_barbouche_and_farah_and_farah_besbes_talan_com()
  And Clicks RoleAdmin and clicks Admin                     # stepsDefinition.AddStepDef.clicks_role_admin_and_clicks_admin()
  And Clicks on Save                                        # stepsDefinition.AddStepDef.clicks_on_save()
  Then Admin is added                                       # stepsDefinition.AddStepDef.admin_is_added()
      java.lang.AssertionError: the actual text does not contain the expected text
	at stepsDefinition.AddStepDef.admin_is_added(AddStepDef.java:87)
	at âœ½.Admin is added(file:///C:/Users/fbesbes/Desktop/SeleniumCucumberProjetFinal/SeleniumCucumber/src/test/resources/features/Add.feature:55)

]]></system-out>
    <system-err><![CDATA[Starting ChromeDriver 119.0.6045.105 (38c72552c5e15ba9b3117c0967a0fd105072d7c6-refs/branch-heads/6045@{#1103}) on port 5953
Only local connections are allowed.
Please see https://chromedriver.chromium.org/security-considerations for suggestions on keeping ChromeDriver safe.
ChromeDriver was started successfully.
déc. 04, 2023 12:20:56 PM org.openqa.selenium.remote.ProtocolHandshake createSession
INFO: Detected dialect: W3C
]]></system-err>
  </testcase>
  <testcase name="Verify that list of user display" classname="displaying the users page" time="43.838">
    <error message="no such element: Unable to locate element: {&quot;method&quot;:&quot;xpath&quot;,&quot;selector&quot;:&quot;//th[contains(text(),&apos;PrÃ©nom&apos;)]&quot;}&#10;  (Session info: chrome=119.0.6045.160)&#10;For documentation on this error, please visit: https://www.seleniumhq.org/exceptions/no_such_element.html&#10;Build info: version: &apos;3.141.59&apos;, revision: &apos;e82be7d358&apos;, time: &apos;2018-11-14T08:17:03&apos;&#10;System info: host: &apos;TALAN-6RL2VVA&apos;, ip: &apos;10.2.1.141&apos;, os.name: &apos;Windows 11&apos;, os.arch: &apos;amd64&apos;, os.version: &apos;10.0&apos;, java.version: &apos;17.0.9&apos;&#10;Driver info: org.openqa.selenium.chrome.ChromeDriver&#10;Capabilities {acceptInsecureCerts: false, browserName: chrome, browserVersion: 119.0.6045.160, chrome: {chromedriverVersion: 119.0.6045.105 (38c72552c5e..., userDataDir: C:\Users\fbesbes\AppData\Lo...}, fedcm:accounts: true, goog:chromeOptions: {debuggerAddress: localhost:59629}, javascriptEnabled: true, networkConnectionEnabled: false, pageLoadStrategy: normal, platform: WINDOWS, platformName: WINDOWS, proxy: Proxy(), setWindowRect: true, strictFileInteractability: false, timeouts: {implicit: 0, pageLoad: 300000, script: 30000}, unhandledPromptBehavior: dismiss and notify, webauthn:extension:credBlob: true, webauthn:extension:largeBlob: true, webauthn:extension:minPinLength: true, webauthn:extension:prf: true, webauthn:virtualAuthenticators: true}&#10;Session ID: 7d256ee7b7a9251a1c8255a5936bf914&#10;*** Element info: {Using=xpath, value=//th[contains(text(),&apos;PrÃ©nom&apos;)]}" type="org.openqa.selenium.NoSuchElementException"><![CDATA[org.openqa.selenium.NoSuchElementException: 
no such element: Unable to locate element: {"method":"xpath","selector":"//th[contains(text(),'PrÃ©nom')]"}
  (Session info: chrome=119.0.6045.160)
For documentation on this error, please visit: https://www.seleniumhq.org/exceptions/no_such_element.html
Build info: version: '3.141.59', revision: 'e82be7d358', time: '2018-11-14T08:17:03'
System info: host: 'TALAN-6RL2VVA', ip: '10.2.1.141', os.name: 'Windows 11', os.arch: 'amd64', os.version: '10.0', java.version: '17.0.9'
Driver info: org.openqa.selenium.chrome.ChromeDriver
Capabilities {acceptInsecureCerts: false, browserName: chrome, browserVersion: 119.0.6045.160, chrome: {chromedriverVersion: 119.0.6045.105 (38c72552c5e..., userDataDir: C:\Users\fbesbes\AppData\Lo...}, fedcm:accounts: true, goog:chromeOptions: {debuggerAddress: localhost:59629}, javascriptEnabled: true, networkConnectionEnabled: false, pageLoadStrategy: normal, platform: WINDOWS, platformName: WINDOWS, proxy: Proxy(), setWindowRect: true, strictFileInteractability: false, timeouts: {implicit: 0, pageLoad: 300000, script: 30000}, unhandledPromptBehavior: dismiss and notify, webauthn:extension:credBlob: true, webauthn:extension:largeBlob: true, webauthn:extension:minPinLength: true, webauthn:extension:prf: true, webauthn:virtualAuthenticators: true}
Session ID: 7d256ee7b7a9251a1c8255a5936bf914
*** Element info: {Using=xpath, value=//th[contains(text(),'PrÃ©nom')]}
	at java.base/jdk.internal.reflect.NativeConstructorAccessorImpl.newInstance0(Native Method)
	at java.base/jdk.internal.reflect.NativeConstructorAccessorImpl.newInstance(NativeConstructorAccessorImpl.java:77)
	at java.base/jdk.internal.reflect.DelegatingConstructorAccessorImpl.newInstance(DelegatingConstructorAccessorImpl.java:45)
	at java.base/java.lang.reflect.Constructor.newInstanceWithCaller(Constructor.java:499)
	at java.base/java.lang.reflect.Constructor.newInstance(Constructor.java:480)
	at org.openqa.selenium.remote.http.W3CHttpResponseCodec.createException(W3CHttpResponseCodec.java:187)
	at org.openqa.selenium.remote.http.W3CHttpResponseCodec.decode(W3CHttpResponseCodec.java:122)
	at org.openqa.selenium.remote.http.W3CHttpResponseCodec.decode(W3CHttpResponseCodec.java:49)
	at org.openqa.selenium.remote.HttpCommandExecutor.execute(HttpCommandExecutor.java:158)
	at org.openqa.selenium.remote.service.DriverCommandExecutor.execute(DriverCommandExecutor.java:83)
	at org.openqa.selenium.remote.RemoteWebDriver.execute(RemoteWebDriver.java:552)
	at org.openqa.selenium.remote.RemoteWebDriver.findElement(RemoteWebDriver.java:323)
	at org.openqa.selenium.remote.RemoteWebDriver.findElementByXPath(RemoteWebDriver.java:428)
	at org.openqa.selenium.By$ByXPath.findElement(By.java:353)
	at org.openqa.selenium.remote.RemoteWebDriver.findElement(RemoteWebDriver.java:315)
	at pages.DisplayPage.CheckFirstname(DisplayPage.java:31)
	at stepsDefinition.DisplayStepDef.check_that_list_of_users_displayed(DisplayStepDef.java:22)
	at ✽.check that list of users displayed(file:///C:/Users/fbesbes/Desktop/SeleniumCucumberProjetFinal/SeleniumCucumber/src/test/resources/features/Display.feature:11)
]]></error>
    <system-out><![CDATA[
@Display
Scenario: Verify that list of user display            # src/test/resources/features/Display.feature:9
  Given user on login page                            # stepsDefinition.LoginStepDef.user_on_login_page()
  When user enters mouna.makni@talan.com and Admin09$ # stepsDefinition.LoginStepDef.user_enters_email_and_password(java.lang.String,java.lang.String)
  Then user is connected                              # stepsDefinition.LoginStepDef.user_is_connected()
  When Administrator on userPage                      # stepsDefinition.DisplayStepDef.administrator_on_user_page()
  Then check that list of users displayed             # stepsDefinition.DisplayStepDef.check_that_list_of_users_displayed()
      org.openqa.selenium.NoSuchElementException: no such element: Unable to locate element: {"method":"xpath","selector":"//th[contains(text(),'PrÃƒÂ©nom')]"}
  (Session info: chrome=119.0.6045.160)
For documentation on this error, please visit: https://www.seleniumhq.org/exceptions/no_such_element.html
Build info: version: '3.141.59', revision: 'e82be7d358', time: '2018-11-14T08:17:03'
System info: host: 'TALAN-6RL2VVA', ip: '10.2.1.141', os.name: 'Windows 11', os.arch: 'amd64', os.version: '10.0', java.version: '17.0.9'
Driver info: org.openqa.selenium.chrome.ChromeDriver
Capabilities {acceptInsecureCerts: false, browserName: chrome, browserVersion: 119.0.6045.160, chrome: {chromedriverVersion: 119.0.6045.105 (38c72552c5e..., userDataDir: C:\Users\fbesbes\AppData\Lo...}, fedcm:accounts: true, goog:chromeOptions: {debuggerAddress: localhost:59629}, javascriptEnabled: true, networkConnectionEnabled: false, pageLoadStrategy: normal, platform: WINDOWS, platformName: WINDOWS, proxy: Proxy(), setWindowRect: true, strictFileInteractability: false, timeouts: {implicit: 0, pageLoad: 300000, script: 30000}, unhandledPromptBehavior: dismiss and notify, webauthn:extension:credBlob: true, webauthn:extension:largeBlob: true, webauthn:extension:minPinLength: true, webauthn:extension:prf: true, webauthn:virtualAuthenticators: true}
Session ID: 7d256ee7b7a9251a1c8255a5936bf914
*** Element info: {Using=xpath, value=//th[contains(text(),'PrÃƒÂ©nom')]}
	at java.base/jdk.internal.reflect.NativeConstructorAccessorImpl.newInstance0(Native Method)
	at java.base/jdk.internal.reflect.NativeConstructorAccessorImpl.newInstance(NativeConstructorAccessorImpl.java:77)
	at java.base/jdk.internal.reflect.DelegatingConstructorAccessorImpl.newInstance(DelegatingConstructorAccessorImpl.java:45)
	at java.base/java.lang.reflect.Constructor.newInstanceWithCaller(Constructor.java:499)
	at java.base/java.lang.reflect.Constructor.newInstance(Constructor.java:480)
	at org.openqa.selenium.remote.http.W3CHttpResponseCodec.createException(W3CHttpResponseCodec.java:187)
	at org.openqa.selenium.remote.http.W3CHttpResponseCodec.decode(W3CHttpResponseCodec.java:122)
	at org.openqa.selenium.remote.http.W3CHttpResponseCodec.decode(W3CHttpResponseCodec.java:49)
	at org.openqa.selenium.remote.HttpCommandExecutor.execute(HttpCommandExecutor.java:158)
	at org.openqa.selenium.remote.service.DriverCommandExecutor.execute(DriverCommandExecutor.java:83)
	at org.openqa.selenium.remote.RemoteWebDriver.execute(RemoteWebDriver.java:552)
	at org.openqa.selenium.remote.RemoteWebDriver.findElement(RemoteWebDriver.java:323)
	at org.openqa.selenium.remote.RemoteWebDriver.findElementByXPath(RemoteWebDriver.java:428)
	at org.openqa.selenium.By$ByXPath.findElement(By.java:353)
	at org.openqa.selenium.remote.RemoteWebDriver.findElement(RemoteWebDriver.java:315)
	at pages.DisplayPage.CheckFirstname(DisplayPage.java:31)
	at stepsDefinition.DisplayStepDef.check_that_list_of_users_displayed(DisplayStepDef.java:22)
	at âœ½.check that list of users displayed(file:///C:/Users/fbesbes/Desktop/SeleniumCucumberProjetFinal/SeleniumCucumber/src/test/resources/features/Display.feature:11)

]]></system-out>
    <system-err><![CDATA[Starting ChromeDriver 119.0.6045.105 (38c72552c5e15ba9b3117c0967a0fd105072d7c6-refs/branch-heads/6045@{#1103}) on port 9274
Only local connections are allowed.
Please see https://chromedriver.chromium.org/security-considerations for suggestions on keeping ChromeDriver safe.
ChromeDriver was started successfully.
déc. 04, 2023 12:21:00 PM org.openqa.selenium.remote.ProtocolHandshake createSession
INFO: Detected dialect: W3C
]]></system-err>
  </testcase>
  <testcase name="Verify the presence of pagination and navigate through the user list #1" classname="Pagination" time="3.745">
    <failure message="the current text  contain the predicted text" type="java.lang.AssertionError"><![CDATA[java.lang.AssertionError: the current text  contain the predicted text
	at stepsDefinition.PaginationStepDef.administrator_should_be_on_the_next_page_of_the_user_list(PaginationStepDef.java:28)
	at ✽.Administrator should be on the nextPage of the user list(file:///C:/Users/fbesbes/Desktop/SeleniumCucumberProjetFinal/SeleniumCucumber/src/test/resources/features/PaginationCucumber.feature:14)
]]></failure>
    <system-out><![CDATA[
@Pagination @NextPage
Scenario: Verify the presence of pagination and navigate through the user list # src/test/resources/features/PaginationCucumber.feature:11
  Given user on login page                                                     # stepsDefinition.LoginStepDef.user_on_login_page()
  When user enters mouna.makni@talan.com and Admin09$                          # stepsDefinition.LoginStepDef.user_enters_email_and_password(java.lang.String,java.lang.String)
  Then user is connected                                                       # stepsDefinition.LoginStepDef.user_is_connected()
  When Administrator clicks on usersBtn                                        # stepsDefinition.PaginationStepDef.administrator_clicks_on_users_button()
  And Administrator clicks the nextButton to go to the nextPage                # stepsDefinition.PaginationStepDef.administrator_clicks_the_next_button_to_go_to_the_next_page()
  Then Administrator should be on the nextPage of the user list                # stepsDefinition.PaginationStepDef.administrator_should_be_on_the_next_page_of_the_user_list()
      java.lang.AssertionError: the current text  contain the predicted text
	at stepsDefinition.PaginationStepDef.administrator_should_be_on_the_next_page_of_the_user_list(PaginationStepDef.java:28)
	at âœ½.Administrator should be on the nextPage of the user list(file:///C:/Users/fbesbes/Desktop/SeleniumCucumberProjetFinal/SeleniumCucumber/src/test/resources/features/PaginationCucumber.feature:14)

]]></system-out>
    <system-err><![CDATA[Starting ChromeDriver 119.0.6045.105 (38c72552c5e15ba9b3117c0967a0fd105072d7c6-refs/branch-heads/6045@{#1103}) on port 57315
Only local connections are allowed.
Please see https://chromedriver.chromium.org/security-considerations for suggestions on keeping ChromeDriver safe.
ChromeDriver was started successfully.
déc. 04, 2023 12:21:43 PM org.openqa.selenium.remote.ProtocolHandshake createSession
INFO: Detected dialect: W3C
]]></system-err>
  </testcase>
  <testcase name="Verify the presence of pagination and navigate through the user list #2" classname="Pagination" time="4.356">
    <system-out><![CDATA[
@Pagination @PreviousPage
Scenario: Verify the presence of pagination and navigate through the user list # src/test/resources/features/PaginationCucumber.feature:17
  Given user on login page                                                     # stepsDefinition.LoginStepDef.user_on_login_page()
  When user enters mouna.makni@talan.com and Admin09$                          # stepsDefinition.LoginStepDef.user_enters_email_and_password(java.lang.String,java.lang.String)
  Then user is connected                                                       # stepsDefinition.LoginStepDef.user_is_connected()
  When Administrator clicks on usersBtn                                        # stepsDefinition.PaginationStepDef.administrator_clicks_on_users_button()
  And Administartor on ThirdPage                                               # stepsDefinition.PaginationStepDef.administartor_on_third_page()
  And Administrator clicks the previousButton to go back to the previousPage   # stepsDefinition.PaginationStepDef.administrator_clicks_the_previous_button_to_go_back_to_the_previous_page()
  Then Administrator should be on the previousPage of the user list            # stepsDefinition.PaginationStepDef.administrator_should_be_on_the_previous_page_of_the_user_list()
]]></system-out>
    <system-err><![CDATA[Starting ChromeDriver 119.0.6045.105 (38c72552c5e15ba9b3117c0967a0fd105072d7c6-refs/branch-heads/6045@{#1103}) on port 62037
Only local connections are allowed.
Please see https://chromedriver.chromium.org/security-considerations for suggestions on keeping ChromeDriver safe.
ChromeDriver was started successfully.
déc. 04, 2023 12:21:47 PM org.openqa.selenium.remote.ProtocolHandshake createSession
INFO: Detected dialect: W3C
]]></system-err>
  </testcase>
  <testcase name="Verify the presence of pagination and navigate through the user list #3" classname="Pagination" time="4.684">
    <system-out><![CDATA[
@Pagination @LastPage
Scenario: Verify the presence of pagination and navigate through the user list # src/test/resources/features/PaginationCucumber.feature:24
  Given user on login page                                                     # stepsDefinition.LoginStepDef.user_on_login_page()
  When user enters mouna.makni@talan.com and Admin09$                          # stepsDefinition.LoginStepDef.user_enters_email_and_password(java.lang.String,java.lang.String)
  Then user is connected                                                       # stepsDefinition.LoginStepDef.user_is_connected()
  When Administrator clicks on usersBtn                                        # stepsDefinition.PaginationStepDef.administrator_clicks_on_users_button()
  And Administrator clicks the lastButton to go to the lastPage                # stepsDefinition.PaginationStepDef.administrator_clicks_the_last_button_to_go_to_the_last_page()
  Then Administrator should be on the lastPage of the user list                # stepsDefinition.PaginationStepDef.administrator_should_be_on_the_last_page_of_the_user_list()
]]></system-out>
    <system-err><![CDATA[Starting ChromeDriver 119.0.6045.105 (38c72552c5e15ba9b3117c0967a0fd105072d7c6-refs/branch-heads/6045@{#1103}) on port 61749
Only local connections are allowed.
Please see https://chromedriver.chromium.org/security-considerations for suggestions on keeping ChromeDriver safe.
ChromeDriver was started successfully.
déc. 04, 2023 12:21:52 PM org.openqa.selenium.remote.ProtocolHandshake createSession
INFO: Detected dialect: W3C
]]></system-err>
  </testcase>
  <testcase name="Verify the presence of pagination and navigate through the user list #4" classname="Pagination" time="4.276">
    <system-out><![CDATA[
@Pagination @FirstPage
Scenario: Verify the presence of pagination and navigate through the user list # src/test/resources/features/PaginationCucumber.feature:30
  Given user on login page                                                     # stepsDefinition.LoginStepDef.user_on_login_page()
  When user enters mouna.makni@talan.com and Admin09$                          # stepsDefinition.LoginStepDef.user_enters_email_and_password(java.lang.String,java.lang.String)
  Then user is connected                                                       # stepsDefinition.LoginStepDef.user_is_connected()
  When Administrator clicks on usersBtn                                        # stepsDefinition.PaginationStepDef.administrator_clicks_on_users_button()
  And Administartor on ThirdPage                                               # stepsDefinition.PaginationStepDef.administartor_on_third_page()
  And Administrator clicks the firstButton to go back to the firstPage         # stepsDefinition.PaginationStepDef.administrator_clicks_the_first_button_to_go_back_to_the_first_page()
  Then Administrator should be on the firstPage of the user list               # stepsDefinition.PaginationStepDef.administrator_should_be_on_the_first_page_of_the_user_list()
]]></system-out>
    <system-err><![CDATA[Starting ChromeDriver 119.0.6045.105 (38c72552c5e15ba9b3117c0967a0fd105072d7c6-refs/branch-heads/6045@{#1103}) on port 38330
Only local connections are allowed.
Please see https://chromedriver.chromium.org/security-considerations for suggestions on keeping ChromeDriver safe.
ChromeDriver was started successfully.
déc. 04, 2023 12:21:56 PM org.openqa.selenium.remote.ProtocolHandshake createSession
INFO: Detected dialect: W3C
[1701688920.217][SEVERE]: Unable to receive message from renderer
]]></system-err>
  </testcase>
  <testcase name="Verify user search by keyword #1" classname="Search" time="4.095">
    <system-out><![CDATA[
@Search @SearchName
Scenario: Verify user search by keyword                       # src/test/resources/features/Search.feature:11
  Given user on login page                                    # stepsDefinition.LoginStepDef.user_on_login_page()
  When user enters mouna.makni@talan.com and Admin09$         # stepsDefinition.LoginStepDef.user_enters_email_and_password(java.lang.String,java.lang.String)
  Then user is connected                                      # stepsDefinition.LoginStepDef.user_is_connected()
  When Administrator clicks on users button                   # stepsDefinition.SearchStepDef.administrator_clicks_on_users_button()
  And Administrator enters the name AYARI in the search field # stepsDefinition.SearchStepDef.administrator_enters_the_name_ayari_in_the_search_field()
  Then display the user list filtered by name                 # stepsDefinition.SearchStepDef.display_the_user_list_filtered_by_name()
]]></system-out>
    <system-err><![CDATA[Starting ChromeDriver 119.0.6045.105 (38c72552c5e15ba9b3117c0967a0fd105072d7c6-refs/branch-heads/6045@{#1103}) on port 7094
Only local connections are allowed.
Please see https://chromedriver.chromium.org/security-considerations for suggestions on keeping ChromeDriver safe.
ChromeDriver was started successfully.
déc. 04, 2023 12:22:01 PM org.openqa.selenium.remote.ProtocolHandshake createSession
INFO: Detected dialect: W3C
]]></system-err>
  </testcase>
  <testcase name="Verify user search by keyword #2" classname="Search" time="3.767">
    <system-out><![CDATA[
@Search @SearchFirstName
Scenario: Verify user search by keyword                          # src/test/resources/features/Search.feature:17
  Given user on login page                                       # stepsDefinition.LoginStepDef.user_on_login_page()
  When user enters mouna.makni@talan.com and Admin09$            # stepsDefinition.LoginStepDef.user_enters_email_and_password(java.lang.String,java.lang.String)
  Then user is connected                                         # stepsDefinition.LoginStepDef.user_is_connected()
  When Administrator clicks on users button                      # stepsDefinition.SearchStepDef.administrator_clicks_on_users_button()
  And Administrator enters the firtname Asma in the search field # stepsDefinition.SearchStepDef.administrator_enters_the_firtname_asma_in_the_search_field()
  Then display the user list filtered by firstname               # stepsDefinition.SearchStepDef.display_the_user_list_filtered_by_firstname()
]]></system-out>
    <system-err><![CDATA[Starting ChromeDriver 119.0.6045.105 (38c72552c5e15ba9b3117c0967a0fd105072d7c6-refs/branch-heads/6045@{#1103}) on port 56259
Only local connections are allowed.
Please see https://chromedriver.chromium.org/security-considerations for suggestions on keeping ChromeDriver safe.
ChromeDriver was started successfully.
déc. 04, 2023 12:22:05 PM org.openqa.selenium.remote.ProtocolHandshake createSession
INFO: Detected dialect: W3C
]]></system-err>
  </testcase>
  <testcase name="Verify user search by keyword #3" classname="Search" time="4.151">
    <system-out><![CDATA[
@Search @SearchMail
Scenario: Verify user search by keyword                                     # src/test/resources/features/Search.feature:23
  Given user on login page                                                  # stepsDefinition.LoginStepDef.user_on_login_page()
  When user enters mouna.makni@talan.com and Admin09$                       # stepsDefinition.LoginStepDef.user_enters_email_and_password(java.lang.String,java.lang.String)
  Then user is connected                                                    # stepsDefinition.LoginStepDef.user_is_connected()
  When Administrator clicks on users button                                 # stepsDefinition.SearchStepDef.administrator_clicks_on_users_button()
  And Administrator enters the mail asmaayari@gmail.com in the search field # stepsDefinition.SearchStepDef.administrator_enters_the_mail_asmaayari_gmail_com_in_the_search_field()
  Then display the user list filtered by mail                               # stepsDefinition.SearchStepDef.display_the_user_list_filtered_by_mail()
]]></system-out>
    <system-err><![CDATA[Starting ChromeDriver 119.0.6045.105 (38c72552c5e15ba9b3117c0967a0fd105072d7c6-refs/branch-heads/6045@{#1103}) on port 61252
Only local connections are allowed.
Please see https://chromedriver.chromium.org/security-considerations for suggestions on keeping ChromeDriver safe.
ChromeDriver was started successfully.
déc. 04, 2023 12:22:08 PM org.openqa.selenium.remote.ProtocolHandshake createSession
INFO: Detected dialect: W3C
]]></system-err>
  </testcase>
  <testcase name="Verify user search by keyword #4" classname="Search" time="3.654">
    <system-out><![CDATA[
@Search @SearchLetter
Scenario: Verify user search by keyword                     # src/test/resources/features/Search.feature:29
  Given user on login page                                  # stepsDefinition.LoginStepDef.user_on_login_page()
  When user enters mouna.makni@talan.com and Admin09$       # stepsDefinition.LoginStepDef.user_enters_email_and_password(java.lang.String,java.lang.String)
  Then user is connected                                    # stepsDefinition.LoginStepDef.user_is_connected()
  When Administrator clicks on users button                 # stepsDefinition.SearchStepDef.administrator_clicks_on_users_button()
  And Administrator enters the letter Z in the search field # stepsDefinition.SearchStepDef.administrator_enters_the_letter_z_in_the_search_field()
  Then display the user list filtered by letter             # stepsDefinition.SearchStepDef.display_the_user_list_filtered_by_letter()
]]></system-out>
    <system-err><![CDATA[Starting ChromeDriver 119.0.6045.105 (38c72552c5e15ba9b3117c0967a0fd105072d7c6-refs/branch-heads/6045@{#1103}) on port 48422
Only local connections are allowed.
Please see https://chromedriver.chromium.org/security-considerations for suggestions on keeping ChromeDriver safe.
ChromeDriver was started successfully.
déc. 04, 2023 12:22:13 PM org.openqa.selenium.remote.ProtocolHandshake createSession
INFO: Detected dialect: W3C
]]></system-err>
  </testcase>
  <testcase name="Verify searching for a name in a table on different pages" classname="Search" time="43.625">
    <error message="no such element: Unable to locate element: {&quot;method&quot;:&quot;xpath&quot;,&quot;selector&quot;:&quot;//td[contains(text(),&quot;Pas d&apos;utilisateurs trouvÃ©s.&quot;)]&quot;}&#10;  (Session info: chrome=119.0.6045.160)&#10;For documentation on this error, please visit: https://www.seleniumhq.org/exceptions/no_such_element.html&#10;Build info: version: &apos;3.141.59&apos;, revision: &apos;e82be7d358&apos;, time: &apos;2018-11-14T08:17:03&apos;&#10;System info: host: &apos;TALAN-6RL2VVA&apos;, ip: &apos;10.2.1.141&apos;, os.name: &apos;Windows 11&apos;, os.arch: &apos;amd64&apos;, os.version: &apos;10.0&apos;, java.version: &apos;17.0.9&apos;&#10;Driver info: org.openqa.selenium.chrome.ChromeDriver&#10;Capabilities {acceptInsecureCerts: false, browserName: chrome, browserVersion: 119.0.6045.160, chrome: {chromedriverVersion: 119.0.6045.105 (38c72552c5e..., userDataDir: C:\Users\fbesbes\AppData\Lo...}, fedcm:accounts: true, goog:chromeOptions: {debuggerAddress: localhost:59884}, javascriptEnabled: true, networkConnectionEnabled: false, pageLoadStrategy: normal, platform: WINDOWS, platformName: WINDOWS, proxy: Proxy(), setWindowRect: true, strictFileInteractability: false, timeouts: {implicit: 0, pageLoad: 300000, script: 30000}, unhandledPromptBehavior: dismiss and notify, webauthn:extension:credBlob: true, webauthn:extension:largeBlob: true, webauthn:extension:minPinLength: true, webauthn:extension:prf: true, webauthn:virtualAuthenticators: true}&#10;Session ID: d9afbb8007fd01eedcde21d824a1a3b5&#10;*** Element info: {Using=xpath, value=//td[contains(text(),&quot;Pas d&apos;utilisateurs trouvÃ©s.&quot;)]}" type="org.openqa.selenium.NoSuchElementException"><![CDATA[org.openqa.selenium.NoSuchElementException: 
no such element: Unable to locate element: {"method":"xpath","selector":"//td[contains(text(),"Pas d'utilisateurs trouvÃ©s.")]"}
  (Session info: chrome=119.0.6045.160)
For documentation on this error, please visit: https://www.seleniumhq.org/exceptions/no_such_element.html
Build info: version: '3.141.59', revision: 'e82be7d358', time: '2018-11-14T08:17:03'
System info: host: 'TALAN-6RL2VVA', ip: '10.2.1.141', os.name: 'Windows 11', os.arch: 'amd64', os.version: '10.0', java.version: '17.0.9'
Driver info: org.openqa.selenium.chrome.ChromeDriver
Capabilities {acceptInsecureCerts: false, browserName: chrome, browserVersion: 119.0.6045.160, chrome: {chromedriverVersion: 119.0.6045.105 (38c72552c5e..., userDataDir: C:\Users\fbesbes\AppData\Lo...}, fedcm:accounts: true, goog:chromeOptions: {debuggerAddress: localhost:59884}, javascriptEnabled: true, networkConnectionEnabled: false, pageLoadStrategy: normal, platform: WINDOWS, platformName: WINDOWS, proxy: Proxy(), setWindowRect: true, strictFileInteractability: false, timeouts: {implicit: 0, pageLoad: 300000, script: 30000}, unhandledPromptBehavior: dismiss and notify, webauthn:extension:credBlob: true, webauthn:extension:largeBlob: true, webauthn:extension:minPinLength: true, webauthn:extension:prf: true, webauthn:virtualAuthenticators: true}
Session ID: d9afbb8007fd01eedcde21d824a1a3b5
*** Element info: {Using=xpath, value=//td[contains(text(),"Pas d'utilisateurs trouvÃ©s.")]}
	at java.base/jdk.internal.reflect.NativeConstructorAccessorImpl.newInstance0(Native Method)
	at java.base/jdk.internal.reflect.NativeConstructorAccessorImpl.newInstance(NativeConstructorAccessorImpl.java:77)
	at java.base/jdk.internal.reflect.DelegatingConstructorAccessorImpl.newInstance(DelegatingConstructorAccessorImpl.java:45)
	at java.base/java.lang.reflect.Constructor.newInstanceWithCaller(Constructor.java:499)
	at java.base/java.lang.reflect.Constructor.newInstance(Constructor.java:480)
	at org.openqa.selenium.remote.http.W3CHttpResponseCodec.createException(W3CHttpResponseCodec.java:187)
	at org.openqa.selenium.remote.http.W3CHttpResponseCodec.decode(W3CHttpResponseCodec.java:122)
	at org.openqa.selenium.remote.http.W3CHttpResponseCodec.decode(W3CHttpResponseCodec.java:49)
	at org.openqa.selenium.remote.HttpCommandExecutor.execute(HttpCommandExecutor.java:158)
	at org.openqa.selenium.remote.service.DriverCommandExecutor.execute(DriverCommandExecutor.java:83)
	at org.openqa.selenium.remote.RemoteWebDriver.execute(RemoteWebDriver.java:552)
	at org.openqa.selenium.remote.RemoteWebDriver.findElement(RemoteWebDriver.java:323)
	at org.openqa.selenium.remote.RemoteWebDriver.findElementByXPath(RemoteWebDriver.java:428)
	at org.openqa.selenium.By$ByXPath.findElement(By.java:353)
	at org.openqa.selenium.remote.RemoteWebDriver.findElement(RemoteWebDriver.java:315)
	at pages.SearchPage.getUserListText5(SearchPage.java:58)
	at stepsDefinition.SearchStepDef.display_the_user_list_filtered_by_username(SearchStepDef.java:77)
	at ✽.display the user list filtered by username(file:///C:/Users/fbesbes/Desktop/SeleniumCucumberProjetFinal/SeleniumCucumber/src/test/resources/features/Search.feature:39)
]]></error>
    <system-out><![CDATA[
@Search @SearchNameInDifferentPages
Scenario: Verify searching for a name in a table on different pages # src/test/resources/features/Search.feature:35
  Given user on login page                                          # stepsDefinition.LoginStepDef.user_on_login_page()
  When user enters mouna.makni@talan.com and Admin09$               # stepsDefinition.LoginStepDef.user_enters_email_and_password(java.lang.String,java.lang.String)
  Then user is connected                                            # stepsDefinition.LoginStepDef.user_is_connected()
  When Administrator clicks on users button                         # stepsDefinition.SearchStepDef.administrator_clicks_on_users_button()
  And Administrator enters the name AYARI in the search field       # stepsDefinition.SearchStepDef.administrator_enters_the_name_ayari_in_the_search_field()
  And Administrator moves to another page                           # stepsDefinition.SearchStepDef.administrator_moves_to_another_page()
  Then display the user list filtered by username                   # stepsDefinition.SearchStepDef.display_the_user_list_filtered_by_username()
      org.openqa.selenium.NoSuchElementException: no such element: Unable to locate element: {"method":"xpath","selector":"//td[contains(text(),"Pas d'utilisateurs trouvÃƒÂ©s.")]"}
  (Session info: chrome=119.0.6045.160)
For documentation on this error, please visit: https://www.seleniumhq.org/exceptions/no_such_element.html
Build info: version: '3.141.59', revision: 'e82be7d358', time: '2018-11-14T08:17:03'
System info: host: 'TALAN-6RL2VVA', ip: '10.2.1.141', os.name: 'Windows 11', os.arch: 'amd64', os.version: '10.0', java.version: '17.0.9'
Driver info: org.openqa.selenium.chrome.ChromeDriver
Capabilities {acceptInsecureCerts: false, browserName: chrome, browserVersion: 119.0.6045.160, chrome: {chromedriverVersion: 119.0.6045.105 (38c72552c5e..., userDataDir: C:\Users\fbesbes\AppData\Lo...}, fedcm:accounts: true, goog:chromeOptions: {debuggerAddress: localhost:59884}, javascriptEnabled: true, networkConnectionEnabled: false, pageLoadStrategy: normal, platform: WINDOWS, platformName: WINDOWS, proxy: Proxy(), setWindowRect: true, strictFileInteractability: false, timeouts: {implicit: 0, pageLoad: 300000, script: 30000}, unhandledPromptBehavior: dismiss and notify, webauthn:extension:credBlob: true, webauthn:extension:largeBlob: true, webauthn:extension:minPinLength: true, webauthn:extension:prf: true, webauthn:virtualAuthenticators: true}
Session ID: d9afbb8007fd01eedcde21d824a1a3b5
*** Element info: {Using=xpath, value=//td[contains(text(),"Pas d'utilisateurs trouvÃƒÂ©s.")]}
	at java.base/jdk.internal.reflect.NativeConstructorAccessorImpl.newInstance0(Native Method)
	at java.base/jdk.internal.reflect.NativeConstructorAccessorImpl.newInstance(NativeConstructorAccessorImpl.java:77)
	at java.base/jdk.internal.reflect.DelegatingConstructorAccessorImpl.newInstance(DelegatingConstructorAccessorImpl.java:45)
	at java.base/java.lang.reflect.Constructor.newInstanceWithCaller(Constructor.java:499)
	at java.base/java.lang.reflect.Constructor.newInstance(Constructor.java:480)
	at org.openqa.selenium.remote.http.W3CHttpResponseCodec.createException(W3CHttpResponseCodec.java:187)
	at org.openqa.selenium.remote.http.W3CHttpResponseCodec.decode(W3CHttpResponseCodec.java:122)
	at org.openqa.selenium.remote.http.W3CHttpResponseCodec.decode(W3CHttpResponseCodec.java:49)
	at org.openqa.selenium.remote.HttpCommandExecutor.execute(HttpCommandExecutor.java:158)
	at org.openqa.selenium.remote.service.DriverCommandExecutor.execute(DriverCommandExecutor.java:83)
	at org.openqa.selenium.remote.RemoteWebDriver.execute(RemoteWebDriver.java:552)
	at org.openqa.selenium.remote.RemoteWebDriver.findElement(RemoteWebDriver.java:323)
	at org.openqa.selenium.remote.RemoteWebDriver.findElementByXPath(RemoteWebDriver.java:428)
	at org.openqa.selenium.By$ByXPath.findElement(By.java:353)
	at org.openqa.selenium.remote.RemoteWebDriver.findElement(RemoteWebDriver.java:315)
	at pages.SearchPage.getUserListText5(SearchPage.java:58)
	at stepsDefinition.SearchStepDef.display_the_user_list_filtered_by_username(SearchStepDef.java:77)
	at âœ½.display the user list filtered by username(file:///C:/Users/fbesbes/Desktop/SeleniumCucumberProjetFinal/SeleniumCucumber/src/test/resources/features/Search.feature:39)

]]></system-out>
    <system-err><![CDATA[Starting ChromeDriver 119.0.6045.105 (38c72552c5e15ba9b3117c0967a0fd105072d7c6-refs/branch-heads/6045@{#1103}) on port 16822
Only local connections are allowed.
Please see https://chromedriver.chromium.org/security-considerations for suggestions on keeping ChromeDriver safe.
ChromeDriver was started successfully.
déc. 04, 2023 12:22:16 PM org.openqa.selenium.remote.ProtocolHandshake createSession
INFO: Detected dialect: W3C
]]></system-err>
  </testcase>
  <testcase name="LogIn" classname="LogIn" time="2.954">
    <system-out><![CDATA[
@Login
Scenario Outline: LogIn                               # src/test/resources/features/login.feature:11
  Given user on login page                            # stepsDefinition.LoginStepDef.user_on_login_page()
  When user enters mouna.makni@talan.com and Admin09$ # stepsDefinition.LoginStepDef.user_enters_email_and_password(java.lang.String,java.lang.String)
  Then user is connected                              # stepsDefinition.LoginStepDef.user_is_connected()
]]></system-out>
    <system-err><![CDATA[Starting ChromeDriver 119.0.6045.105 (38c72552c5e15ba9b3117c0967a0fd105072d7c6-refs/branch-heads/6045@{#1103}) on port 14499
Only local connections are allowed.
Please see https://chromedriver.chromium.org/security-considerations for suggestions on keeping ChromeDriver safe.
ChromeDriver was started successfully.
déc. 04, 2023 12:23:00 PM org.openqa.selenium.remote.ProtocolHandshake createSession
INFO: Detected dialect: W3C
]]></system-err>
  </testcase>
</testsuite>